[LOG] System::create                           : Header version = 1.10.00. Current version = 1.10.00.
[LOG] SystemI::setOutputInternal               : Setting output to type 0
[LOG] Manager::init                            : maxchannels = 1024 studioflags = 00000008 flags 00000000 extradriverdata 0000000000000000.
[LOG] SystemI::init                            : FMOD Studio Version: 00011000 (90329)
[LOG] SystemI::init                            : maxchannels = 1024, flags = 00020000, extradriverdata = 0000000000000000
[LOG] SystemI::setOutputInternal               : Setting output to type 8
[LOG] SystemI::setOutputInternal               : Setting output to type 8
[LOG] SystemI::setOutputInternal               : Setting output to type 8
[LOG] OutputWASAPI::init                       : Mix Format (WAVEFORMATEX): wFormatTag=0xFFFE, nChannels=2, nSamplesPerSec=48000, nAvgBytesPerSec=384000, nBlockAlign=8, wBitsPerSample=32, cbSize=22.
[LOG] OutputWASAPI::init                       : Mix Format (WAVEFORMATEXTENSIBLE): wValidBitsPerSample=32, dwChannelMask=0x00000003, SubFormat=00000003-0000-0010-8000-00AA00389B71.
[LOG] OutputWASAPI::init                       : Output buffer size: 4096 samples, latency: 0.00ms, period: 10.00ms, DSP buffer: 1024 * 4
[LOG] SystemI::init                            : Create master channel group and master sound group.
[LOG] SystemI::init                            : Set up emulated output.  1024 channels
[LOG] SystemI::init                            : create the channel pool
[LOG] SystemI::init                            : create the stream thread
[LOG] Thread::initThread                       : Init FMOD stream thread. Priority: 2, Stack Size: 65536, Semaphore: No, Sleep Time: 10, Looping: Yes.
[LOG] SystemI::DSPCodecPoolRegister            : register codec pool for pool type 5
[LOG] Thread::initThread                       : Init FMOD mixer thread. Priority: 3, Stack Size: 49152, Semaphore: No, Sleep Time: 0, Looping: Yes.
[LOG] AsyncManager::init                       : manager 000000003865C0C8 isAsync 1 updatePeriod 0.02
[LOG] Thread::initThread                       : Init FMOD Studio update thread. Priority: 0, Stack Size: 65536, Semaphore: No, Sleep Time: 1, Looping: No.
[LOG] AsyncManager::init                       : done
[LOG] PlaybackSystem::init                     : 
[LOG] Thread::initThread                       : Init FMOD Studio sample load thread. Priority: 0, Stack Size: 65536, Semaphore: No, Sleep Time: 1, Looping: No.
[LOG] PlaybackSystem::init                     : done
[LOG] Thread::initThread                       : Init FMOD Studio bank load thread. Priority: 0, Stack Size: 65536, Semaphore: No, Sleep Time: 1, Looping: No.
[LOG] Manager::init                            : done.
[LOG] Manager::readBank                        : fileversion = 99, compatVersion = 99 (oldest = 44, newest = 99)
[LOG] Manager::readBank                        : fileversion = 99, compatVersion = 99 (oldest = 44, newest = 99)
[LOG] PlaybackSystem::acquireMasterBus         : Setting master channel group format to 3
[LOG] SystemI::createSoundInternal             : filename =  : mode 02000202
[LOG] SystemI::createSoundInternal             : exinfo->cbsize             = 232
[LOG] SystemI::createSoundInternal             : exinfo->length             = 7919648
[LOG] SystemI::createSoundInternal             : exinfo->fileoffset         = 62624
[LOG] SystemI::createSoundInternal             : exinfo->numsubsounds       = 1
[LOG] SystemI::createSoundInternal             : exinfo->inclusionlist      = 000000006FFAF5FC
[LOG] SystemI::createSoundInternal             : exinfo->inclusionlistnum   = 1
[LOG] SystemI::createSoundInternal             : exinfo->suggestedsoundtype = 5
[LOG] SystemI::createSoundInternal             : exinfo->useropen           = 00007FFDAC2A5C70
[LOG] SystemI::createSoundInternal             : exinfo->userclose          = 00007FFDAC2A5C40
[LOG] SystemI::createSoundInternal             : exinfo->userread           = 00007FFDAC2A5D40
[LOG] SystemI::createSoundInternal             : exinfo->userseek           = 00007FFDAC2A5DF0
[LOG] SystemI::createSoundInternal             : exinfo->fileuserdata       = 0000000050153FF8
[LOG] SystemI::createSoundInternal             : exinfo->initialseekpostype = 1
[LOG] SystemI::DSPCodecPoolRegister            : register codec pool for pool type 5
[LOG] SystemI::createSoundInternal             : Format has 1 subsounds.
[LOG] SystemI::createSoundInternal             : Create as FMOD_CREATESAMPLE
[LOG] SystemI::createSoundInternal             : Multi-sample sound (1 subsounds), create a sample container.
[LOG] SystemI::createSoundInternal             : creating subsound 0/1
[LOG] SystemI::createSample                    : mode 02000202 length 23998 samples, lengthbytes 4896
[LOG] SystemI::createSample                    : channels = 1
[LOG] SystemI::createSample                    : output = 0000000037D9AFD8
[LOG] OutputSoftware::createSample             : lengthpcm 23998, lengthbytes 4896, channels 1, format 2, freq 48000, mode 0200020a
[LOG] SystemI::createSoundInternal             : No name found in file, use filename.
[LOG] SystemI::createSoundInternal             : done.  OpenState now = FMOD_OPENSTATE_READY.

[LOG] SystemI::createSoundInternal             : filename =  : mode 02000202
[LOG] SystemI::createSoundInternal             : exinfo->cbsize             = 232
[LOG] SystemI::createSoundInternal             : exinfo->length             = 7919648
[LOG] SystemI::createSoundInternal             : exinfo->fileoffset         = 62624
[LOG] SystemI::createSoundInternal             : exinfo->numsubsounds       = 1
[LOG] SystemI::createSoundInternal             : exinfo->inclusionlist      = 000000006FFAF5FC
[LOG] SystemI::createSoundInternal             : exinfo->inclusionlistnum   = 1
[LOG] SystemI::createSoundInternal             : exinfo->suggestedsoundtype = 5
[LOG] SystemI::createSoundInternal             : exinfo->useropen           = 00007FFDAC2A5C70
[LOG] SystemI::createSoundInternal             : exinfo->userclose          = 00007FFDAC2A5C40
[LOG] SystemI::createSoundInternal             : exinfo->userread           = 00007FFDAC2A5D40
[LOG] SystemI::createSoundInternal             : exinfo->userseek           = 00007FFDAC2A5DF0
[LOG] SystemI::createSoundInternal             : exinfo->fileuserdata       = 0000000050153FF8
[LOG] SystemI::createSoundInternal             : exinfo->initialseekpostype = 1
[LOG] SystemI::DSPCodecPoolRegister            : register codec pool for pool type 5
[LOG] SystemI::createSoundInternal             : Format has 1 subsounds.
[LOG] SystemI::createSoundInternal             : Create as FMOD_CREATESAMPLE
[LOG] SystemI::createSoundInternal             : Multi-sample sound (1 subsounds), create a sample container.
[LOG] SystemI::createSoundInternal             : creating subsound 0/1
[LOG] SystemI::createSample                    : mode 02000202 length 36143 samples, lengthbytes 8864
[LOG] SystemI::createSample                    : channels = 1
[LOG] SystemI::createSample                    : output = 0000000037D9AFD8
[LOG] OutputSoftware::createSample             : lengthpcm 36143, lengthbytes 8864, channels 1, format 2, freq 48000, mode 0200020a
[LOG] SystemI::createSoundInternal             : No name found in file, use filename.
[LOG] SystemI::createSoundInternal             : done.  OpenState now = FMOD_OPENSTATE_READY.

[LOG] SystemI::createSoundInternal             : filename =  : mode 02000202
[LOG] SystemI::createSoundInternal             : exinfo->cbsize             = 232
[LOG] SystemI::createSoundInternal             : exinfo->length             = 7919648
[LOG] SystemI::createSoundInternal             : exinfo->fileoffset         = 62624
[LOG] SystemI::createSoundInternal             : exinfo->numsubsounds       = 1
[LOG] SystemI::createSoundInternal             : exinfo->inclusionlist      = 000000006FFAF5FC
[LOG] SystemI::createSoundInternal             : exinfo->inclusionlistnum   = 1
[LOG] SystemI::createSoundInternal             : exinfo->suggestedsoundtype = 5
[LOG] SystemI::createSoundInternal             : exinfo->useropen           = 00007FFDAC2A5C70
[LOG] SystemI::createSoundInternal             : exinfo->userclose          = 00007FFDAC2A5C40
[LOG] SystemI::createSoundInternal             : exinfo->userread           = 00007FFDAC2A5D40
[LOG] SystemI::createSoundInternal             : exinfo->userseek           = 00007FFDAC2A5DF0
[LOG] SystemI::createSoundInternal             : exinfo->fileuserdata       = 0000000050153FF8
[LOG] SystemI::createSoundInternal             : exinfo->initialseekpostype = 1
[LOG] SystemI::DSPCodecPoolRegister            : register codec pool for pool type 5
[LOG] SystemI::createSoundInternal             : Format has 1 subsounds.
[LOG] SystemI::createSoundInternal             : Create as FMOD_CREATESAMPLE
[LOG] SystemI::createSoundInternal             : Multi-sample sound (1 subsounds), create a sample container.
[LOG] SystemI::createSoundInternal             : creating subsound 0/1
[LOG] SystemI::createSample                    : mode 02000202 length 11965 samples, lengthbytes 1024
[LOG] SystemI::createSample                    : channels = 1
[LOG] SystemI::createSample                    : output = 0000000037D9AFD8
[LOG] OutputSoftware::createSample             : lengthpcm 11965, lengthbytes 1024, channels 1, format 2, freq 48000, mode 0200020a
[LOG] SystemI::createSoundInternal             : No name found in file, use filename.
[LOG] SystemI::createSoundInternal             : done.  OpenState now = FMOD_OPENSTATE_READY.

[LOG] SystemI::createSoundInternal             : filename =  : mode 02000202
[LOG] SystemI::createSoundInternal             : exinfo->cbsize             = 232
[LOG] SystemI::createSoundInternal             : exinfo->length             = 7919648
[LOG] SystemI::createSoundInternal             : exinfo->fileoffset         = 62624
[LOG] SystemI::createSoundInternal             : exinfo->numsubsounds       = 1
[LOG] SystemI::createSoundInternal             : exinfo->inclusionlist      = 000000006FFAF5FC
[LOG] SystemI::createSoundInternal             : exinfo->inclusionlistnum   = 1
[LOG] SystemI::createSoundInternal             : exinfo->suggestedsoundtype = 5
[LOG] SystemI::createSoundInternal             : exinfo->useropen           = 00007FFDAC2A5C70
[LOG] SystemI::createSoundInternal             : exinfo->userclose          = 00007FFDAC2A5C40
[LOG] SystemI::createSoundInternal             : exinfo->userread           = 00007FFDAC2A5D40
[LOG] SystemI::createSoundInternal             : exinfo->userseek           = 00007FFDAC2A5DF0
[LOG] SystemI::createSoundInternal             : exinfo->fileuserdata       = 0000000050153FF8
[LOG] SystemI::createSoundInternal             : exinfo->initialseekpostype = 1
[LOG] SystemI::DSPCodecPoolRegister            : register codec pool for pool type 5
[LOG] SystemI::createSoundInternal             : Format has 1 subsounds.
[LOG] SystemI::createSoundInternal             : Create as FMOD_CREATESAMPLE
[LOG] SystemI::createSoundInternal             : Multi-sample sound (1 subsounds), create a sample container.
[LOG] SystemI::createSoundInternal             : creating subsound 0/1
[LOG] SystemI::createSample                    : mode 02000202 length 72000 samples, lengthbytes 10528
[LOG] SystemI::createSample                    : channels = 1
[LOG] SystemI::createSample                    : output = 0000000037D9AFD8
[LOG] OutputSoftware::createSample             : lengthpcm 72000, lengthbytes 10528, channels 1, format 2, freq 48000, mode 0200020a
[LOG] SystemI::createSoundInternal             : No name found in file, use filename.
[LOG] SystemI::createSoundInternal             : done.  OpenState now = FMOD_OPENSTATE_READY.

[LOG] SystemI::createSoundInternal             : filename =  : mode 02000202
[LOG] SystemI::createSoundInternal             : exinfo->cbsize             = 232
[LOG] SystemI::createSoundInternal             : exinfo->length             = 7919648
[LOG] SystemI::createSoundInternal             : exinfo->fileoffset         = 62624
[LOG] SystemI::createSoundInternal             : exinfo->numsubsounds       = 1
[LOG] SystemI::createSoundInternal             : exinfo->inclusionlist      = 000000006FFAF5FC
[LOG] SystemI::createSoundInternal             : exinfo->inclusionlistnum   = 1
[LOG] SystemI::createSoundInternal             : exinfo->suggestedsoundtype = 5
[LOG] SystemI::createSoundInternal             : exinfo->useropen           = 00007FFDAC2A5C70
[LOG] SystemI::createSoundInternal             : exinfo->userclose          = 00007FFDAC2A5C40
[LOG] SystemI::createSoundInternal             : exinfo->userread           = 00007FFDAC2A5D40
[LOG] SystemI::createSoundInternal             : exinfo->userseek           = 00007FFDAC2A5DF0
[LOG] SystemI::createSoundInternal             : exinfo->fileuserdata       = 0000000050153FF8
[LOG] SystemI::createSoundInternal             : exinfo->initialseekpostype = 1
[LOG] SystemI::DSPCodecPoolRegister            : register codec pool for pool type 5
[LOG] SystemI::createSoundInternal             : Format has 1 subsounds.
[LOG] SystemI::createSoundInternal             : Create as FMOD_CREATESAMPLE
[LOG] SystemI::createSoundInternal             : Multi-sample sound (1 subsounds), create a sample container.
[LOG] SystemI::createSoundInternal             : creating subsound 0/1
[LOG] SystemI::createSample                    : mode 02000202 length 22499 samples, lengthbytes 4448
[LOG] SystemI::createSample                    : channels = 1
[LOG] SystemI::createSample                    : output = 0000000037D9AFD8
[LOG] OutputSoftware::createSample             : lengthpcm 22499, lengthbytes 4448, channels 1, format 2, freq 48000, mode 0200020a
[LOG] SystemI::createSoundInternal             : No name found in file, use filename.
[LOG] SystemI::createSoundInternal             : done.  OpenState now = FMOD_OPENSTATE_READY.

[LOG] SystemI::createSoundInternal             : filename =  : mode 02000202
[LOG] SystemI::createSoundInternal             : exinfo->cbsize             = 232
[LOG] SystemI::createSoundInternal             : exinfo->length             = 7919648
[LOG] SystemI::createSoundInternal             : exinfo->fileoffset         = 62624
[LOG] SystemI::createSoundInternal             : exinfo->numsubsounds       = 1
[LOG] SystemI::createSoundInternal             : exinfo->inclusionlist      = 000000006FFAF5FC
[LOG] SystemI::createSoundInternal             : exinfo->inclusionlistnum   = 1
[LOG] SystemI::createSoundInternal             : exinfo->suggestedsoundtype = 5
[LOG] SystemI::createSoundInternal             : exinfo->useropen           = 00007FFDAC2A5C70
[LOG] SystemI::createSoundInternal             : exinfo->userclose          = 00007FFDAC2A5C40
[LOG] SystemI::createSoundInternal             : exinfo->userread           = 00007FFDAC2A5D40
[LOG] SystemI::createSoundInternal             : exinfo->userseek           = 00007FFDAC2A5DF0
[LOG] SystemI::createSoundInternal             : exinfo->fileuserdata       = 0000000050153FF8
[LOG] SystemI::createSoundInternal             : exinfo->initialseekpostype = 1
[LOG] SystemI::DSPCodecPoolRegister            : register codec pool for pool type 5
[LOG] SystemI::createSoundInternal             : Format has 1 subsounds.
[LOG] SystemI::createSoundInternal             : Create as FMOD_CREATESAMPLE
[LOG] SystemI::createSoundInternal             : Multi-sample sound (1 subsounds), create a sample container.
[LOG] SystemI::createSoundInternal             : creating subsound 0/1
[LOG] SystemI::createSample                    : mode 02000202 length 40785 samples, lengthbytes 12640
[LOG] SystemI::createSample                    : channels = 2
[LOG] SystemI::createSample                    : output = 0000000037D9AFD8
[LOG] OutputSoftware::createSample             : lengthpcm 40785, lengthbytes 12640, channels 2, format 2, freq 48000, mode 0200020a
[LOG] SystemI::createSoundInternal             : No name found in file, use filename.
[LOG] SystemI::createSoundInternal             : done.  OpenState now = FMOD_OPENSTATE_READY.

[LOG] SystemI::createSoundInternal             : filename =  : mode 02000202
[LOG] SystemI::createSoundInternal             : exinfo->cbsize             = 232
[LOG] SystemI::createSoundInternal             : exinfo->length             = 7919648
[LOG] SystemI::createSoundInternal             : exinfo->fileoffset         = 62624
[LOG] SystemI::createSoundInternal             : exinfo->numsubsounds       = 1
[LOG] SystemI::createSoundInternal             : exinfo->inclusionlist      = 000000006FFAF5FC
[LOG] SystemI::createSoundInternal             : exinfo->inclusionlistnum   = 1
[LOG] SystemI::createSoundInternal             : exinfo->suggestedsoundtype = 5
[LOG] SystemI::createSoundInternal             : exinfo->useropen           = 00007FFDAC2A5C70
[LOG] SystemI::createSoundInternal             : exinfo->userclose          = 00007FFDAC2A5C40
[LOG] SystemI::createSoundInternal             : exinfo->userread           = 00007FFDAC2A5D40
[LOG] SystemI::createSoundInternal             : exinfo->userseek           = 00007FFDAC2A5DF0
[LOG] SystemI::createSoundInternal             : exinfo->fileuserdata       = 0000000050153FF8
[LOG] SystemI::createSoundInternal             : exinfo->initialseekpostype = 1
[LOG] SystemI::DSPCodecPoolRegister            : register codec pool for pool type 5
[LOG] SystemI::createSoundInternal             : Format has 1 subsounds.
[LOG] SystemI::createSoundInternal             : Create as FMOD_CREATESAMPLE
[LOG] SystemI::createSoundInternal             : Multi-sample sound (1 subsounds), create a sample container.
[LOG] SystemI::createSoundInternal             : creating subsound 0/1
[LOG] SystemI::createSample                    : mode 02000202 length 49567 samples, lengthbytes 2976
[LOG] SystemI::createSample                    : channels = 1
[LOG] SystemI::createSample                    : output = 0000000037D9AFD8
[LOG] OutputSoftware::createSample             : lengthpcm 49567, lengthbytes 2976, channels 1, format 2, freq 48000, mode 0200020a
[LOG] SystemI::createSoundInternal             : No name found in file, use filename.
[LOG] SystemI::createSoundInternal             : done.  OpenState now = FMOD_OPENSTATE_READY.

[LOG] SystemI::createSoundInternal             : filename =  : mode 02000202
[LOG] SystemI::createSoundInternal             : exinfo->cbsize             = 232
[LOG] SystemI::createSoundInternal             : exinfo->length             = 7919648
[LOG] SystemI::createSoundInternal             : exinfo->fileoffset         = 62624
[LOG] SystemI::createSoundInternal             : exinfo->numsubsounds       = 1
[LOG] SystemI::createSoundInternal             : exinfo->inclusionlist      = 000000006FFAF5FC
[LOG] SystemI::createSoundInternal             : exinfo->inclusionlistnum   = 1
[LOG] SystemI::createSoundInternal             : exinfo->suggestedsoundtype = 5
[LOG] SystemI::createSoundInternal             : exinfo->useropen           = 00007FFDAC2A5C70
[LOG] SystemI::createSoundInternal             : exinfo->userclose          = 00007FFDAC2A5C40
[LOG] SystemI::createSoundInternal             : exinfo->userread           = 00007FFDAC2A5D40
[LOG] SystemI::createSoundInternal             : exinfo->userseek           = 00007FFDAC2A5DF0
[LOG] SystemI::createSoundInternal             : exinfo->fileuserdata       = 0000000050153FF8
[LOG] SystemI::createSoundInternal             : exinfo->initialseekpostype = 1
[LOG] SystemI::DSPCodecPoolRegister            : register codec pool for pool type 5
[LOG] SystemI::createSoundInternal             : Format has 1 subsounds.
[LOG] SystemI::createSoundInternal             : Create as FMOD_CREATESAMPLE
[LOG] SystemI::createSoundInternal             : Multi-sample sound (1 subsounds), create a sample container.
[LOG] SystemI::createSoundInternal             : creating subsound 0/1
[LOG] SystemI::createSample                    : mode 02000202 length 96000 samples, lengthbytes 16256
[LOG] SystemI::createSample                    : channels = 1
[LOG] SystemI::createSample                    : output = 0000000037D9AFD8
[LOG] OutputSoftware::createSample             : lengthpcm 96000, lengthbytes 16256, channels 1, format 2, freq 48000, mode 0200020a
[LOG] SystemI::createSoundInternal             : No name found in file, use filename.
[LOG] SystemI::createSoundInternal             : done.  OpenState now = FMOD_OPENSTATE_READY.

[LOG] SystemI::createSoundInternal             : filename =  : mode 02000202
[LOG] SystemI::createSoundInternal             : exinfo->cbsize             = 232
[LOG] SystemI::createSoundInternal             : exinfo->length             = 7919648
[LOG] SystemI::createSoundInternal             : exinfo->fileoffset         = 62624
[LOG] SystemI::createSoundInternal             : exinfo->numsubsounds       = 1
[LOG] SystemI::createSoundInternal             : exinfo->inclusionlist      = 000000006FFAF5FC
[LOG] SystemI::createSoundInternal             : exinfo->inclusionlistnum   = 1
[LOG] SystemI::createSoundInternal             : exinfo->suggestedsoundtype = 5
[LOG] SystemI::createSoundInternal             : exinfo->useropen           = 00007FFDAC2A5C70
[LOG] SystemI::createSoundInternal             : exinfo->userclose          = 00007FFDAC2A5C40
[LOG] SystemI::createSoundInternal             : exinfo->userread           = 00007FFDAC2A5D40
[LOG] SystemI::createSoundInternal             : exinfo->userseek           = 00007FFDAC2A5DF0
[LOG] SystemI::createSoundInternal             : exinfo->fileuserdata       = 0000000050153FF8
[LOG] SystemI::createSoundInternal             : exinfo->initialseekpostype = 1
[LOG] SystemI::DSPCodecPoolRegister            : register codec pool for pool type 5
[LOG] SystemI::createSoundInternal             : Format has 1 subsounds.
[LOG] SystemI::createSoundInternal             : Create as FMOD_CREATESAMPLE
[LOG] SystemI::createSoundInternal             : Multi-sample sound (1 subsounds), create a sample container.
[LOG] SystemI::createSoundInternal             : creating subsound 0/1
[LOG] SystemI::createSample                    : mode 02000202 length 49567 samples, lengthbytes 1920
[LOG] SystemI::createSample                    : channels = 1
[LOG] SystemI::createSample                    : output = 0000000037D9AFD8
[LOG] OutputSoftware::createSample             : lengthpcm 49567, lengthbytes 1920, channels 1, format 2, freq 48000, mode 0200020a
[LOG] SystemI::createSoundInternal             : No name found in file, use filename.
[LOG] SystemI::createSoundInternal             : done.  OpenState now = FMOD_OPENSTATE_READY.

[LOG] SystemI::createSoundInternal             : filename =  : mode 02000202
[LOG] SystemI::createSoundInternal             : exinfo->cbsize             = 232
[LOG] SystemI::createSoundInternal             : exinfo->length             = 7919648
[LOG] SystemI::createSoundInternal             : exinfo->fileoffset         = 62624
[LOG] SystemI::createSoundInternal             : exinfo->numsubsounds       = 1
[LOG] SystemI::createSoundInternal             : exinfo->inclusionlist      = 000000006FFAF5FC
[LOG] SystemI::createSoundInternal             : exinfo->inclusionlistnum   = 1
[LOG] SystemI::createSoundInternal             : exinfo->suggestedsoundtype = 5
[LOG] SystemI::createSoundInternal             : exinfo->useropen           = 00007FFDAC2A5C70
[LOG] SystemI::createSoundInternal             : exinfo->userclose          = 00007FFDAC2A5C40
[LOG] SystemI::createSoundInternal             : exinfo->userread           = 00007FFDAC2A5D40
[LOG] SystemI::createSoundInternal             : exinfo->userseek           = 00007FFDAC2A5DF0
[LOG] SystemI::createSoundInternal             : exinfo->fileuserdata       = 0000000050153FF8
[LOG] SystemI::createSoundInternal             : exinfo->initialseekpostype = 1
[LOG] SystemI::DSPCodecPoolRegister            : register codec pool for pool type 5
[LOG] SystemI::createSoundInternal             : Format has 1 subsounds.
[LOG] SystemI::createSoundInternal             : Create as FMOD_CREATESAMPLE
[LOG] SystemI::createSoundInternal             : Multi-sample sound (1 subsounds), create a sample container.
[LOG] SystemI::createSoundInternal             : creating subsound 0/1
[LOG] SystemI::createSample                    : mode 02000202 length 49567 samples, lengthbytes 4448
[LOG] SystemI::createSample                    : channels = 1
[LOG] SystemI::createSample                    : output = 0000000037D9AFD8
[LOG] OutputSoftware::createSample             : lengthpcm 49567, lengthbytes 4448, channels 1, format 2, freq 48000, mode 0200020a
[LOG] SystemI::createSoundInternal             : No name found in file, use filename.
[LOG] SystemI::createSoundInternal             : done.  OpenState now = FMOD_OPENSTATE_READY.

[LOG] SystemI::createSoundInternal             : filename =  : mode 02000202
[LOG] SystemI::createSoundInternal             : exinfo->cbsize             = 232
[LOG] SystemI::createSoundInternal             : exinfo->length             = 7919648
[LOG] SystemI::createSoundInternal             : exinfo->fileoffset         = 62624
[LOG] SystemI::createSoundInternal             : exinfo->numsubsounds       = 1
[LOG] SystemI::createSoundInternal             : exinfo->inclusionlist      = 000000006FFAF5FC
[LOG] SystemI::createSoundInternal             : exinfo->inclusionlistnum   = 1
[LOG] SystemI::createSoundInternal             : exinfo->suggestedsoundtype = 5
[LOG] SystemI::createSoundInternal             : exinfo->useropen           = 00007FFDAC2A5C70
[LOG] SystemI::createSoundInternal             : exinfo->userclose          = 00007FFDAC2A5C40
[LOG] SystemI::createSoundInternal             : exinfo->userread           = 00007FFDAC2A5D40
[LOG] SystemI::createSoundInternal             : exinfo->userseek           = 00007FFDAC2A5DF0
[LOG] SystemI::createSoundInternal             : exinfo->fileuserdata       = 0000000050153FF8
[LOG] SystemI::createSoundInternal             : exinfo->initialseekpostype = 1
[LOG] SystemI::DSPCodecPoolRegister            : register codec pool for pool type 5
[LOG] SystemI::createSoundInternal             : Format has 1 subsounds.
[LOG] SystemI::createSoundInternal             : Create as FMOD_CREATESAMPLE
[LOG] SystemI::createSoundInternal             : Multi-sample sound (1 subsounds), create a sample container.
[LOG] SystemI::createSoundInternal             : creating subsound 0/1
[LOG] SystemI::createSample                    : mode 02000202 length 22532 samples, lengthbytes 4256
[LOG] SystemI::createSample                    : channels = 1
[LOG] SystemI::createSample                    : output = 0000000037D9AFD8
[LOG] OutputSoftware::createSample             : lengthpcm 22532, lengthbytes 4256, channels 1, format 2, freq 48000, mode 0200020a
[LOG] SystemI::createSoundInternal             : No name found in file, use filename.
[LOG] SystemI::createSoundInternal             : done.  OpenState now = FMOD_OPENSTATE_READY.

[LOG] SystemI::createSoundInternal             : filename =  : mode 02000202
[LOG] SystemI::createSoundInternal             : exinfo->cbsize             = 232
[LOG] SystemI::createSoundInternal             : exinfo->length             = 7919648
[LOG] SystemI::createSoundInternal             : exinfo->fileoffset         = 62624
[LOG] SystemI::createSoundInternal             : exinfo->numsubsounds       = 1
[LOG] SystemI::createSoundInternal             : exinfo->inclusionlist      = 000000006FFAF5FC
[LOG] SystemI::createSoundInternal             : exinfo->inclusionlistnum   = 1
[LOG] SystemI::createSoundInternal             : exinfo->suggestedsoundtype = 5
[LOG] SystemI::createSoundInternal             : exinfo->useropen           = 00007FFDAC2A5C70
[LOG] SystemI::createSoundInternal             : exinfo->userclose          = 00007FFDAC2A5C40
[LOG] SystemI::createSoundInternal             : exinfo->userread           = 00007FFDAC2A5D40
[LOG] SystemI::createSoundInternal             : exinfo->userseek           = 00007FFDAC2A5DF0
[LOG] SystemI::createSoundInternal             : exinfo->fileuserdata       = 0000000050153FF8
[LOG] SystemI::createSoundInternal             : exinfo->initialseekpostype = 1
[LOG] SystemI::DSPCodecPoolRegister            : register codec pool for pool type 5
[LOG] SystemI::createSoundInternal             : Format has 1 subsounds.
[LOG] SystemI::createSoundInternal             : Create as FMOD_CREATESAMPLE
[LOG] SystemI::createSoundInternal             : Multi-sample sound (1 subsounds), create a sample container.
[LOG] SystemI::createSoundInternal             : creating subsound 0/1
[LOG] SystemI::createSample                    : mode 02000202 length 24000 samples, lengthbytes 2624
[LOG] SystemI::createSample                    : channels = 1
[LOG] SystemI::createSample                    : output = 0000000037D9AFD8
[LOG] OutputSoftware::createSample             : lengthpcm 24000, lengthbytes 2624, channels 1, format 2, freq 48000, mode 0200020a
[LOG] SystemI::createSoundInternal             : No name found in file, use filename.
[LOG] SystemI::createSoundInternal             : done.  OpenState now = FMOD_OPENSTATE_READY.

[LOG] SystemI::createSoundInternal             : filename =  : mode 02000202
[LOG] SystemI::createSoundInternal             : exinfo->cbsize             = 232
[LOG] SystemI::createSoundInternal             : exinfo->length             = 7919648
[LOG] SystemI::createSoundInternal             : exinfo->fileoffset         = 62624
[LOG] SystemI::createSoundInternal             : exinfo->numsubsounds       = 1
[LOG] SystemI::createSoundInternal             : exinfo->inclusionlist      = 000000006FFAF5FC
[LOG] SystemI::createSoundInternal             : exinfo->inclusionlistnum   = 1
[LOG] SystemI::createSoundInternal             : exinfo->suggestedsoundtype = 5
[LOG] SystemI::createSoundInternal             : exinfo->useropen           = 00007FFDAC2A5C70
[LOG] SystemI::createSoundInternal             : exinfo->userclose          = 00007FFDAC2A5C40
[LOG] SystemI::createSoundInternal             : exinfo->userread           = 00007FFDAC2A5D40
[LOG] SystemI::createSoundInternal             : exinfo->userseek           = 00007FFDAC2A5DF0
[LOG] SystemI::createSoundInternal             : exinfo->fileuserdata       = 0000000050153FF8
[LOG] SystemI::createSoundInternal             : exinfo->initialseekpostype = 1
[LOG] SystemI::DSPCodecPoolRegister            : register codec pool for pool type 5
[LOG] SystemI::createSoundInternal             : Format has 1 subsounds.
[LOG] SystemI::createSoundInternal             : Create as FMOD_CREATESAMPLE
[LOG] SystemI::createSoundInternal             : Multi-sample sound (1 subsounds), create a sample container.
[LOG] SystemI::createSoundInternal             : creating subsound 0/1
[LOG] SystemI::createSample                    : mode 02000202 length 17999 samples, lengthbytes 4448
[LOG] SystemI::createSample                    : channels = 1
[LOG] SystemI::createSample                    : output = 0000000037D9AFD8
[LOG] OutputSoftware::createSample             : lengthpcm 17999, lengthbytes 4448, channels 1, format 2, freq 48000, mode 0200020a
[LOG] SystemI::createSoundInternal             : No name found in file, use filename.
[LOG] SystemI::createSoundInternal             : done.  OpenState now = FMOD_OPENSTATE_READY.

[LOG] SystemI::createSoundInternal             : filename =  : mode 02000202
[LOG] SystemI::createSoundInternal             : exinfo->cbsize             = 232
[LOG] SystemI::createSoundInternal             : exinfo->length             = 7919648
[LOG] SystemI::createSoundInternal             : exinfo->fileoffset         = 62624
[LOG] SystemI::createSoundInternal             : exinfo->numsubsounds       = 1
[LOG] SystemI::createSoundInternal             : exinfo->inclusionlist      = 000000006FFAF5FC
[LOG] SystemI::createSoundInternal             : exinfo->inclusionlistnum   = 1
[LOG] SystemI::createSoundInternal             : exinfo->suggestedsoundtype = 5
[LOG] SystemI::createSoundInternal             : exinfo->useropen           = 00007FFDAC2A5C70
[LOG] SystemI::createSoundInternal             : exinfo->userclose          = 00007FFDAC2A5C40
[LOG] SystemI::createSoundInternal             : exinfo->userread           = 00007FFDAC2A5D40
[LOG] SystemI::createSoundInternal             : exinfo->userseek           = 00007FFDAC2A5DF0
[LOG] SystemI::createSoundInternal             : exinfo->fileuserdata       = 0000000050153FF8
[LOG] SystemI::createSoundInternal             : exinfo->initialseekpostype = 1
[LOG] SystemI::DSPCodecPoolRegister            : register codec pool for pool type 5
[LOG] SystemI::createSoundInternal             : Format has 1 subsounds.
[LOG] SystemI::createSoundInternal             : Create as FMOD_CREATESAMPLE
[LOG] SystemI::createSoundInternal             : Multi-sample sound (1 subsounds), create a sample container.
[LOG] SystemI::createSoundInternal             : creating subsound 0/1
[LOG] SystemI::createSample                    : mode 02000202 length 49567 samples, lengthbytes 2368
[LOG] SystemI::createSample                    : channels = 1
[LOG] SystemI::createSample                    : output = 0000000037D9AFD8
[LOG] OutputSoftware::createSample             : lengthpcm 49567, lengthbytes 2368, channels 1, format 2, freq 48000, mode 0200020a
[LOG] SystemI::createSoundInternal             : No name found in file, use filename.
[LOG] SystemI::createSoundInternal             : done.  OpenState now = FMOD_OPENSTATE_READY.

[LOG] SystemI::createSoundInternal             : filename =  : mode 02000202
[LOG] SystemI::createSoundInternal             : exinfo->cbsize             = 232
[LOG] SystemI::createSoundInternal             : exinfo->length             = 7919648
[LOG] SystemI::createSoundInternal             : exinfo->fileoffset         = 62624
[LOG] SystemI::createSoundInternal             : exinfo->numsubsounds       = 1
[LOG] SystemI::createSoundInternal             : exinfo->inclusionlist      = 000000006FFAF5FC
[LOG] SystemI::createSoundInternal             : exinfo->inclusionlistnum   = 1
[LOG] SystemI::createSoundInternal             : exinfo->suggestedsoundtype = 5
[LOG] SystemI::createSoundInternal             : exinfo->useropen           = 00007FFDAC2A5C70
[LOG] SystemI::createSoundInternal             : exinfo->userclose          = 00007FFDAC2A5C40
[LOG] SystemI::createSoundInternal             : exinfo->userread           = 00007FFDAC2A5D40
[LOG] SystemI::createSoundInternal             : exinfo->userseek           = 00007FFDAC2A5DF0
[LOG] SystemI::createSoundInternal             : exinfo->fileuserdata       = 0000000050153FF8
[LOG] SystemI::createSoundInternal             : exinfo->initialseekpostype = 1
[LOG] SystemI::DSPCodecPoolRegister            : register codec pool for pool type 5
[LOG] SystemI::createSoundInternal             : Format has 1 subsounds.
[LOG] SystemI::createSoundInternal             : Create as FMOD_CREATESAMPLE
[LOG] SystemI::createSoundInternal             : Multi-sample sound (1 subsounds), create a sample container.
[LOG] SystemI::createSoundInternal             : creating subsound 0/1
[LOG] SystemI::createSample                    : mode 02000202 length 49567 samples, lengthbytes 3072
[LOG] SystemI::createSample                    : channels = 1
[LOG] SystemI::createSample                    : output = 0000000037D9AFD8
[LOG] OutputSoftware::createSample             : lengthpcm 49567, lengthbytes 3072, channels 1, format 2, freq 48000, mode 0200020a
[LOG] SystemI::createSoundInternal             : No name found in file, use filename.
[LOG] SystemI::createSoundInternal             : done.  OpenState now = FMOD_OPENSTATE_READY.

[LOG] SystemI::createSoundInternal             : filename =  : mode 02000202
[LOG] SystemI::createSoundInternal             : exinfo->cbsize             = 232
[LOG] SystemI::createSoundInternal             : exinfo->length             = 7919648
[LOG] SystemI::createSoundInternal             : exinfo->fileoffset         = 62624
[LOG] SystemI::createSoundInternal             : exinfo->numsubsounds       = 1
[LOG] SystemI::createSoundInternal             : exinfo->inclusionlist      = 000000006FFAF5FC
[LOG] SystemI::createSoundInternal             : exinfo->inclusionlistnum   = 1
[LOG] SystemI::createSoundInternal             : exinfo->suggestedsoundtype = 5
[LOG] SystemI::createSoundInternal             : exinfo->useropen           = 00007FFDAC2A5C70
[LOG] SystemI::createSoundInternal             : exinfo->userclose          = 00007FFDAC2A5C40
[LOG] SystemI::createSoundInternal             : exinfo->userread           = 00007FFDAC2A5D40
[LOG] SystemI::createSoundInternal             : exinfo->userseek           = 00007FFDAC2A5DF0
[LOG] SystemI::createSoundInternal             : exinfo->fileuserdata       = 0000000050153FF8
[LOG] SystemI::createSoundInternal             : exinfo->initialseekpostype = 1
[LOG] SystemI::DSPCodecPoolRegister            : register codec pool for pool type 5
[LOG] SystemI::createSoundInternal             : Format has 1 subsounds.
[LOG] SystemI::createSoundInternal             : Create as FMOD_CREATESAMPLE
[LOG] SystemI::createSoundInternal             : Multi-sample sound (1 subsounds), create a sample container.
[LOG] SystemI::createSoundInternal             : creating subsound 0/1
[LOG] SystemI::createSample                    : mode 02000202 length 53999 samples, lengthbytes 11488
[LOG] SystemI::createSample                    : channels = 1
[LOG] SystemI::createSample                    : output = 0000000037D9AFD8
[LOG] OutputSoftware::createSample             : lengthpcm 53999, lengthbytes 11488, channels 1, format 2, freq 48000, mode 0200020a
[LOG] SystemI::createSoundInternal             : No name found in file, use filename.
[LOG] SystemI::createSoundInternal             : done.  OpenState now = FMOD_OPENSTATE_READY.

[LOG] SystemI::createSoundInternal             : filename =  : mode 02000202
[LOG] SystemI::createSoundInternal             : exinfo->cbsize             = 232
[LOG] SystemI::createSoundInternal             : exinfo->length             = 7919648
[LOG] SystemI::createSoundInternal             : exinfo->fileoffset         = 62624
[LOG] SystemI::createSoundInternal             : exinfo->numsubsounds       = 1
[LOG] SystemI::createSoundInternal             : exinfo->inclusionlist      = 000000006FFAF5FC
[LOG] SystemI::createSoundInternal             : exinfo->inclusionlistnum   = 1
[LOG] SystemI::createSoundInternal             : exinfo->suggestedsoundtype = 5
[LOG] SystemI::createSoundInternal             : exinfo->useropen           = 00007FFDAC2A5C70
[LOG] SystemI::createSoundInternal             : exinfo->userclose          = 00007FFDAC2A5C40
[LOG] SystemI::createSoundInternal             : exinfo->userread           = 00007FFDAC2A5D40
[LOG] SystemI::createSoundInternal             : exinfo->userseek           = 00007FFDAC2A5DF0
[LOG] SystemI::createSoundInternal             : exinfo->fileuserdata       = 0000000050153FF8
[LOG] SystemI::createSoundInternal             : exinfo->initialseekpostype = 1
[LOG] SystemI::DSPCodecPoolRegister            : register codec pool for pool type 5
[LOG] SystemI::createSoundInternal             : Format has 1 subsounds.
[LOG] SystemI::createSoundInternal             : Create as FMOD_CREATESAMPLE
[LOG] SystemI::createSoundInternal             : Multi-sample sound (1 subsounds), create a sample container.
[LOG] SystemI::createSoundInternal             : creating subsound 0/1
[LOG] SystemI::createSample                    : mode 02000202 length 17999 samples, lengthbytes 3392
[LOG] SystemI::createSample                    : channels = 1
[LOG] SystemI::createSample                    : output = 0000000037D9AFD8
[LOG] OutputSoftware::createSample             : lengthpcm 17999, lengthbytes 3392, channels 1, format 2, freq 48000, mode 0200020a
[LOG] SystemI::createSoundInternal             : No name found in file, use filename.
[LOG] SystemI::createSoundInternal             : done.  OpenState now = FMOD_OPENSTATE_READY.

[LOG] SystemI::createSoundInternal             : filename =  : mode 02000202
[LOG] SystemI::createSoundInternal             : exinfo->cbsize             = 232
[LOG] SystemI::createSoundInternal             : exinfo->length             = 7919648
[LOG] SystemI::createSoundInternal             : exinfo->fileoffset         = 62624
[LOG] SystemI::createSoundInternal             : exinfo->numsubsounds       = 1
[LOG] SystemI::createSoundInternal             : exinfo->inclusionlist      = 000000006FFAF5FC
[LOG] SystemI::createSoundInternal             : exinfo->inclusionlistnum   = 1
[LOG] SystemI::createSoundInternal             : exinfo->suggestedsoundtype = 5
[LOG] SystemI::createSoundInternal             : exinfo->useropen           = 00007FFDAC2A5C70
[LOG] SystemI::createSoundInternal             : exinfo->userclose          = 00007FFDAC2A5C40
[LOG] SystemI::createSoundInternal             : exinfo->userread           = 00007FFDAC2A5D40
[LOG] SystemI::createSoundInternal             : exinfo->userseek           = 00007FFDAC2A5DF0
[LOG] SystemI::createSoundInternal             : exinfo->fileuserdata       = 0000000050153FF8
[LOG] SystemI::createSoundInternal             : exinfo->initialseekpostype = 1
[LOG] SystemI::DSPCodecPoolRegister            : register codec pool for pool type 5
[LOG] SystemI::createSoundInternal             : Format has 1 subsounds.
[LOG] SystemI::createSoundInternal             : Create as FMOD_CREATESAMPLE
[LOG] SystemI::createSoundInternal             : Multi-sample sound (1 subsounds), create a sample container.
[LOG] SystemI::createSoundInternal             : creating subsound 0/1
[LOG] SystemI::createSample                    : mode 02000202 length 72000 samples, lengthbytes 15648
[LOG] SystemI::createSample                    : channels = 1
[LOG] SystemI::createSample                    : output = 0000000037D9AFD8
[LOG] OutputSoftware::createSample             : lengthpcm 72000, lengthbytes 15648, channels 1, format 2, freq 48000, mode 0200020a
[LOG] SystemI::createSoundInternal             : No name found in file, use filename.
[LOG] SystemI::createSoundInternal             : done.  OpenState now = FMOD_OPENSTATE_READY.

[LOG] SystemI::createSoundInternal             : filename =  : mode 02000202
[LOG] SystemI::createSoundInternal             : exinfo->cbsize             = 232
[LOG] SystemI::createSoundInternal             : exinfo->length             = 7919648
[LOG] SystemI::createSoundInternal             : exinfo->fileoffset         = 62624
[LOG] SystemI::createSoundInternal             : exinfo->numsubsounds       = 1
[LOG] SystemI::createSoundInternal             : exinfo->inclusionlist      = 000000006FFAF5FC
[LOG] SystemI::createSoundInternal             : exinfo->inclusionlistnum   = 1
[LOG] SystemI::createSoundInternal             : exinfo->suggestedsoundtype = 5
[LOG] SystemI::createSoundInternal             : exinfo->useropen           = 00007FFDAC2A5C70
[LOG] SystemI::createSoundInternal             : exinfo->userclose          = 00007FFDAC2A5C40
[LOG] SystemI::createSoundInternal             : exinfo->userread           = 00007FFDAC2A5D40
[LOG] SystemI::createSoundInternal             : exinfo->userseek           = 00007FFDAC2A5DF0
[LOG] SystemI::createSoundInternal             : exinfo->fileuserdata       = 0000000050153FF8
[LOG] SystemI::createSoundInternal             : exinfo->initialseekpostype = 1
[LOG] SystemI::DSPCodecPoolRegister            : register codec pool for pool type 5
[LOG] SystemI::createSoundInternal             : Format has 1 subsounds.
[LOG] SystemI::createSoundInternal             : Create as FMOD_CREATESAMPLE
[LOG] SystemI::createSoundInternal             : Multi-sample sound (1 subsounds), create a sample container.
[LOG] SystemI::createSoundInternal             : creating subsound 0/1
[LOG] SystemI::createSample                    : mode 02000202 length 69600 samples, lengthbytes 11584
[LOG] SystemI::createSample                    : channels = 1
[LOG] SystemI::createSample                    : output = 0000000037D9AFD8
[LOG] OutputSoftware::createSample             : lengthpcm 69600, lengthbytes 11584, channels 1, format 2, freq 48000, mode 0200020a
[LOG] SystemI::createSoundInternal             : No name found in file, use filename.
[LOG] SystemI::createSoundInternal             : done.  OpenState now = FMOD_OPENSTATE_READY.

[LOG] SystemI::createSoundInternal             : filename =  : mode 02000202
[LOG] SystemI::createSoundInternal             : exinfo->cbsize             = 232
[LOG] SystemI::createSoundInternal             : exinfo->length             = 7919648
[LOG] SystemI::createSoundInternal             : exinfo->fileoffset         = 62624
[LOG] SystemI::createSoundInternal             : exinfo->numsubsounds       = 1
[LOG] SystemI::createSoundInternal             : exinfo->inclusionlist      = 000000006FFAF5FC
[LOG] SystemI::createSoundInternal             : exinfo->inclusionlistnum   = 1
[LOG] SystemI::createSoundInternal             : exinfo->suggestedsoundtype = 5
[LOG] SystemI::createSoundInternal             : exinfo->useropen           = 00007FFDAC2A5C70
[LOG] SystemI::createSoundInternal             : exinfo->userclose          = 00007FFDAC2A5C40
[LOG] SystemI::createSoundInternal             : exinfo->userread           = 00007FFDAC2A5D40
[LOG] SystemI::createSoundInternal             : exinfo->userseek           = 00007FFDAC2A5DF0
[LOG] SystemI::createSoundInternal             : exinfo->fileuserdata       = 0000000050153FF8
[LOG] SystemI::createSoundInternal             : exinfo->initialseekpostype = 1
[LOG] SystemI::DSPCodecPoolRegister            : register codec pool for pool type 5
[LOG] SystemI::createSoundInternal             : Format has 1 subsounds.
[LOG] SystemI::createSoundInternal             : Create as FMOD_CREATESAMPLE
[LOG] SystemI::createSoundInternal             : Multi-sample sound (1 subsounds), create a sample container.
[LOG] SystemI::createSoundInternal             : creating subsound 0/1
[LOG] SystemI::createSample                    : mode 02000202 length 49567 samples, lengthbytes 1632
[LOG] SystemI::createSample                    : channels = 1
[LOG] SystemI::createSample                    : output = 0000000037D9AFD8
[LOG] OutputSoftware::createSample             : lengthpcm 49567, lengthbytes 1632, channels 1, format 2, freq 48000, mode 0200020a
[LOG] SystemI::createSoundInternal             : No name found in file, use filename.
[LOG] SystemI::createSoundInternal             : done.  OpenState now = FMOD_OPENSTATE_READY.

[LOG] SystemI::createSoundInternal             : filename =  : mode 02000202
[LOG] SystemI::createSoundInternal             : exinfo->cbsize             = 232
[LOG] SystemI::createSoundInternal             : exinfo->length             = 7919648
[LOG] SystemI::createSoundInternal             : exinfo->fileoffset         = 62624
[LOG] SystemI::createSoundInternal             : exinfo->numsubsounds       = 1
[LOG] SystemI::createSoundInternal             : exinfo->inclusionlist      = 000000006FFAF5FC
[LOG] SystemI::createSoundInternal             : exinfo->inclusionlistnum   = 1
[LOG] SystemI::createSoundInternal             : exinfo->suggestedsoundtype = 5
[LOG] SystemI::createSoundInternal             : exinfo->useropen           = 00007FFDAC2A5C70
[LOG] SystemI::createSoundInternal             : exinfo->userclose          = 00007FFDAC2A5C40
[LOG] SystemI::createSoundInternal             : exinfo->userread           = 00007FFDAC2A5D40
[LOG] SystemI::createSoundInternal             : exinfo->userseek           = 00007FFDAC2A5DF0
[LOG] SystemI::createSoundInternal             : exinfo->fileuserdata       = 0000000050153FF8
[LOG] SystemI::createSoundInternal             : exinfo->initialseekpostype = 1
[LOG] SystemI::DSPCodecPoolRegister            : register codec pool for pool type 5
[LOG] SystemI::createSoundInternal             : Format has 1 subsounds.
[LOG] SystemI::createSoundInternal             : Create as FMOD_CREATESAMPLE
[LOG] SystemI::createSoundInternal             : Multi-sample sound (1 subsounds), create a sample container.
[LOG] SystemI::createSoundInternal             : creating subsound 0/1
[LOG] SystemI::createSample                    : mode 02000202 length 12000 samples, lengthbytes 2368
[LOG] SystemI::createSample                    : channels = 1
[LOG] SystemI::createSample                    : output = 0000000037D9AFD8
[LOG] OutputSoftware::createSample             : lengthpcm 12000, lengthbytes 2368, channels 1, format 2, freq 48000, mode 0200020a
[LOG] SystemI::createSoundInternal             : No name found in file, use filename.
[LOG] SystemI::createSoundInternal             : done.  OpenState now = FMOD_OPENSTATE_READY.

[LOG] SystemI::createSoundInternal             : filename =  : mode 02000202
[LOG] SystemI::createSoundInternal             : exinfo->cbsize             = 232
[LOG] SystemI::createSoundInternal             : exinfo->length             = 7919648
[LOG] SystemI::createSoundInternal             : exinfo->fileoffset         = 62624
[LOG] SystemI::createSoundInternal             : exinfo->numsubsounds       = 1
[LOG] SystemI::createSoundInternal             : exinfo->inclusionlist      = 000000006FFAF5FC
[LOG] SystemI::createSoundInternal             : exinfo->inclusionlistnum   = 1
[LOG] SystemI::createSoundInternal             : exinfo->suggestedsoundtype = 5
[LOG] SystemI::createSoundInternal             : exinfo->useropen           = 00007FFDAC2A5C70
[LOG] SystemI::createSoundInternal             : exinfo->userclose          = 00007FFDAC2A5C40
[LOG] SystemI::createSoundInternal             : exinfo->userread           = 00007FFDAC2A5D40
[LOG] SystemI::createSoundInternal             : exinfo->userseek           = 00007FFDAC2A5DF0
[LOG] SystemI::createSoundInternal             : exinfo->fileuserdata       = 0000000050153FF8
[LOG] SystemI::createSoundInternal             : exinfo->initialseekpostype = 1
[LOG] SystemI::DSPCodecPoolRegister            : register codec pool for pool type 5
[LOG] SystemI::createSoundInternal             : Format has 1 subsounds.
[LOG] SystemI::createSoundInternal             : Create as FMOD_CREATESAMPLE
[LOG] SystemI::createSoundInternal             : Multi-sample sound (1 subsounds), create a sample container.
[LOG] SystemI::createSoundInternal             : creating subsound 0/1
[LOG] SystemI::createSample                    : mode 02000202 length 17902 samples, lengthbytes 3488
[LOG] SystemI::createSample                    : channels = 1
[LOG] SystemI::createSample                    : output = 0000000037D9AFD8
[LOG] OutputSoftware::createSample             : lengthpcm 17902, lengthbytes 3488, channels 1, format 2, freq 48000, mode 0200020a
[LOG] SystemI::createSoundInternal             : No name found in file, use filename.
[LOG] SystemI::createSoundInternal             : done.  OpenState now = FMOD_OPENSTATE_READY.

[LOG] SystemI::createSound                     : filename = Assets\Plugins\FMOD\Banks\Desktop/Master Bank.bank : mode 02010082
[LOG] SystemI::createSound                     : FMOD_NONBLOCKING specified.  Putting into queue to be opened asynchronously!
[LOG] Thread::initThread                       : Init FMOD nonblocking thread (0). Priority: 1, Stack Size: 81920, Semaphore: Yes, Sleep Time: 0, Looping: Yes.
[LOG] SystemI::createSound                     : setdata soundi = 0000000037E67F28 : node = 000000004F22AA10
[LOG] SystemI::createSound                     : add node to async list : head = 00000000385D9438.  list count = 0
[LOG] AsyncThread::threadFunc                  : Starting Asynchronous operation on sound 0000000037E67F28
[LOG] SystemI::createSoundInternal             :     filename = Assets\Plugins\FMOD\Banks\Desktop/Master Bank.bank : mode 02010082
[LOG] SystemI::createSoundInternal             :     exinfo->cbsize             = 232
[LOG] SystemI::createSoundInternal             :     exinfo->length             = 7919648
[LOG] SystemI::createSoundInternal             :     exinfo->fileoffset         = 62624
[LOG] SystemI::createSoundInternal             :     exinfo->numsubsounds       = 1
[LOG] SystemI::createSoundInternal             :     exinfo->inclusionlist      = 000000004F22AB28
[LOG] SystemI::createSoundInternal             :     exinfo->inclusionlistnum   = 1
[LOG] SystemI::createSoundInternal             :     exinfo->suggestedsoundtype = 5
[LOG] SystemI::createSoundInternal             :     exinfo->initialseekpostype = 1
[LOG] SystemI::createSoundInternal             :     Format has 1 subsounds.
[LOG] SystemI::createSoundInternal             :     Create as FMOD_CREATESTREAM
[LOG] System::createSoundInternal              :     decode buffersize = 19200 : blocksize = 256 : format = 2
[LOG] SystemI::createSample                    :     mode 02010082 length 19200 samples, lengthbytes 141888
[LOG] SystemI::createSample                    :     channels = 2
[LOG] SystemI::createSample                    :     output = 0000000037D9AFD8
[LOG] OutputSoftware::createSample             :     lengthpcm 19200, lengthbytes 141888, channels 2, format 2, freq 48000, mode 0201008a
[LOG] System::createSoundInternal              :     1 subsounds detected.
[LOG] System::createSoundInternal              :     Seek stream to start
[LOG] System::createSoundInternal              :     flush stream buffer
[LOG] System::createSoundInternal              :     flush successful.
[LOG] System::createSoundInternal              :     switch file handle from small blocking single buffered to large nonblocking doublebuffered.
[LOG] Thread::initThread                       :         Init FMOD file thread. Priority: 1, Stack Size: 16384, Semaphore: No, Sleep Time: 10, Looping: Yes.
[LOG] SystemI::createSoundInternal             :     done.  OpenState now = FMOD_OPENSTATE_READY.

[LOG] AsyncThread::threadFunc                  : Finished Asynchronous operation on sound 0000000037E67F28
[LOG] SoundI::getSubSound                      : sound 0000000037E67F28.  Subsound index 0 / 1
[LOG] SystemI::createSound                     : filename = Assets\Plugins\FMOD\Banks\Desktop/Master Bank.bank : mode 02010082
[LOG] SystemI::createSound                     : FMOD_NONBLOCKING specified.  Putting into queue to be opened asynchronously!
[LOG] SystemI::createSound                     : setdata soundi = 0000000037E67868 : node = 000000004F22C060
[LOG] SystemI::createSound                     : add node to async list : head = 00000000385D9438.  list count = 0
[LOG] AsyncThread::threadFunc                  : Starting Asynchronous operation on sound 0000000037E67868
[LOG] SystemI::createSoundInternal             :     filename = Assets\Plugins\FMOD\Banks\Desktop/Master Bank.bank : mode 02010082
[LOG] SystemI::createSoundInternal             :     exinfo->cbsize             = 232
[LOG] SystemI::createSoundInternal             :     exinfo->length             = 7919648
[LOG] SystemI::createSoundInternal             :     exinfo->fileoffset         = 62624
[LOG] SystemI::createSoundInternal             :     exinfo->numsubsounds       = 1
[LOG] SystemI::createSoundInternal             :     exinfo->inclusionlist      = 000000004F22C178
[LOG] SystemI::createSoundInternal             :     exinfo->inclusionlistnum   = 1
[LOG] SystemI::createSoundInternal             :     exinfo->suggestedsoundtype = 5
[LOG] SystemI::createSoundInternal             :     exinfo->initialseekpostype = 1
[LOG] SystemI::createSoundInternal             :     Format has 1 subsounds.
[LOG] SystemI::createSoundInternal             :     Create as FMOD_CREATESTREAM
[LOG] System::createSoundInternal              :     decode buffersize = 19200 : blocksize = 256 : format = 2
[LOG] SystemI::createSample                    :     mode 02010082 length 19200 samples, lengthbytes 1160736
[LOG] SystemI::createSample                    :     channels = 2
[LOG] SystemI::createSample                    :     output = 0000000037D9AFD8
[LOG] OutputSoftware::createSample             :     lengthpcm 19200, lengthbytes 1160736, channels 2, format 2, freq 48000, mode 0201008a
[LOG] System::createSoundInternal              :     1 subsounds detected.
[LOG] System::createSoundInternal              :     Seek stream to start
[LOG] System::createSoundInternal              :     flush stream buffer
[LOG] System::createSoundInternal              :     flush successful.
[LOG] System::createSoundInternal              :     switch file handle from small blocking single buffered to large nonblocking doublebuffered.
[LOG] SystemI::createSoundInternal             :     done.  OpenState now = FMOD_OPENSTATE_READY.

[LOG] AsyncThread::threadFunc                  : Finished Asynchronous operation on sound 0000000037E67868
[LOG] SoundI::release                          : Main menu Theme Start (0000000037E67F28)
[LOG] SoundI::release                          : remove stream samples. (0000000037E67F28)
[LOG] SoundI::release                          :     Main menu Theme Start (00000000385D9CA8)
[LOG] SoundI::release                          :     done
[LOG] SoundI::release                          : release subsounds. (0000000037E67F28)
[LOG] SoundI::release                          :     Main menu Theme Start (0000000037E676B8)
[LOG] SoundI::release                          :     done
[LOG] SoundI::release                          : release codec. (0000000037E67F28)
[LOG] SoundI::release                          : done
[LOG] SoundI::getSubSound                      : sound 0000000037E67868.  Subsound index 0 / 1
[LOG] SoundI::release                          : TavernMusic (0000000037E67868)
[LOG] SoundI::release                          : remove stream samples. (0000000037E67868)
[LOG] SoundI::release                          :     TavernMusic (00000000385D8108)
[LOG] SoundI::release                          :     done
[LOG] SoundI::release                          : release subsounds. (0000000037E67868)
[LOG] SoundI::release                          :     TavernMusic (0000000037E68438)
[LOG] SoundI::release                          :     done
[LOG] SoundI::release                          : release codec. (0000000037E67868)
[LOG] SoundI::release                          : done
[LOG] SoundI::release                          :  (000000003842C108)
[LOG] SoundI::release                          : release subsounds. (000000003842C108)
[LOG] SoundI::release                          :     Button_press (000000004F3D54E8)
[LOG] SoundI::release                          :     done
[LOG] SoundI::release                          : release codec. (000000003842C108)
[LOG] SoundI::release                          : done
[LOG] SoundI::release                          :  (000000003842CDF8)
[LOG] SoundI::release                          : release subsounds. (000000003842CDF8)
[LOG] SoundI::release                          :     One_shots_2 (000000004F3D32C8)
[LOG] SoundI::release                          :     done
[LOG] SoundI::release                          : release codec. (000000003842CDF8)
[LOG] SoundI::release                          : done
[LOG] SoundI::release                          :  (000000003842CF68)
[LOG] SoundI::release                          : release subsounds. (000000003842CF68)
[LOG] SoundI::release                          :     Peasant_Spawn (000000004F3D5828)
[LOG] SoundI::release                          :     done
[LOG] SoundI::release                          : release codec. (000000003842CF68)
[LOG] SoundI::release                          : done
[LOG] SoundI::release                          :  (00000000385DA568)
[LOG] SoundI::release                          : release subsounds. (00000000385DA568)
[LOG] SoundI::release                          :     death_5_alex (00000000385D9488)
[LOG] SoundI::release                          :     done
[LOG] SoundI::release                          : release codec. (00000000385DA568)
[LOG] SoundI::release                          : done
[LOG] SoundI::release                          :  (000000003842C3E8)
[LOG] SoundI::release                          : release subsounds. (000000003842C3E8)
[LOG] SoundI::release                          :     death_8_alex - Trimmed (000000004F3D4E68)
[LOG] SoundI::release                          :     done
[LOG] SoundI::release                          : release codec. (000000003842C3E8)
[LOG] SoundI::release                          : done
[LOG] SoundI::release                          :  (000000003842C838)
[LOG] SoundI::release                          : release subsounds. (000000003842C838)
[LOG] SoundI::release                          :     death_9_ian - Trimmed (000000004F3D5D08)
[LOG] SoundI::release                          :     done
[LOG] SoundI::release                          : release codec. (000000003842C838)
[LOG] SoundI::release                          : done
[LOG] SoundI::release                          :  (000000003842BE28)
[LOG] SoundI::release                          : release subsounds. (000000003842BE28)
[LOG] SoundI::release                          :     damage_8_sean (000000004F3D37A8)
[LOG] SoundI::release                          :     done
[LOG] SoundI::release                          : release codec. (000000003842BE28)
[LOG] SoundI::release                          : done
[LOG] SoundI::release                          :  (000000003842D3B8)
[LOG] SoundI::release                          : release subsounds. (000000003842D3B8)
[LOG] SoundI::release                          :     death_10_sean - Trimmed (000000004F3D4988)
[LOG] SoundI::release                          :     done
[LOG] SoundI::release                          : release codec. (000000003842D3B8)
[LOG] SoundI::release                          : done
[LOG] SoundI::release                          :  (000000003842CB18)
[LOG] SoundI::release                          : release subsounds. (000000003842CB18)
[LOG] SoundI::release                          :     death_1_sean - Trimmed (000000004F3D5688)
[LOG] SoundI::release                          :     done
[LOG] SoundI::release                          : release codec. (000000003842CB18)
[LOG] SoundI::release                          : done
[LOG] SoundI::release                          :  (000000003842D698)
[LOG] SoundI::release                          : release subsounds. (000000003842D698)
[LOG] SoundI::release                          :     death_2_sean - Trimmed (000000004F3D3AE8)
[LOG] SoundI::release                          :     done
[LOG] SoundI::release                          : release codec. (000000003842D698)
[LOG] SoundI::release                          : done
[LOG] SoundI::release                          :  (000000003842D528)
[LOG] SoundI::release                          : release subsounds. (000000003842D528)
[LOG] SoundI::release                          :     death_5_sean - Trimmed (000000004F3D3948)
[LOG] SoundI::release                          :     done
[LOG] SoundI::release                          : release codec. (000000003842D528)
[LOG] SoundI::release                          : done
[LOG] SoundI::release                          :  (000000003842BB48)
[LOG] SoundI::release                          : release subsounds. (000000003842BB48)
[LOG] SoundI::release                          :     Archer_Spawn_Simpler (000000004F3D5B68)
[LOG] SoundI::release                          :     done
[LOG] SoundI::release                          : release codec. (000000003842BB48)
[LOG] SoundI::release                          : done
[LOG] SoundI::release                          :  (000000003842D0D8)
[LOG] SoundI::release                          : release subsounds. (000000003842D0D8)
[LOG] SoundI::release                          :     RF_SFX_SwordHit_-005 (000000004F3D59C8)
[LOG] SoundI::release                          :     done
[LOG] SoundI::release                          : release codec. (000000003842D0D8)
[LOG] SoundI::release                          : done
[LOG] SoundI::release                          :  (000000003842C9A8)
[LOG] SoundI::release                          : release subsounds. (000000003842C9A8)
[LOG] SoundI::release                          :     RF_SFX_SwordHit_-004 (000000004F3D6EE8)
[LOG] SoundI::release                          :     done
[LOG] SoundI::release                          : release codec. (000000003842C9A8)
[LOG] SoundI::release                          : done
[LOG] SoundI::release                          :  (000000003842D248)
[LOG] SoundI::release                          : release subsounds. (000000003842D248)
[LOG] SoundI::release                          :     RF_SFX_SwordHit_-006 (000000004F3D4B28)
[LOG] SoundI::release                          :     done
[LOG] SoundI::release                          : release codec. (000000003842D248)
[LOG] SoundI::release                          : done
[LOG] SoundI::release                          :  (000000003842C558)
[LOG] SoundI::release                          : release subsounds. (000000003842C558)
[LOG] SoundI::release                          :     RF_SFX_SwordHit_-003 (000000004F3D5008)
[LOG] SoundI::release                          :     done
[LOG] SoundI::release                          : release codec. (000000003842C558)
[LOG] SoundI::release                          : done
[LOG] SoundI::release                          :  (000000003842BF98)
[LOG] SoundI::release                          : release subsounds. (000000003842BF98)
[LOG] SoundI::release                          :     RF_SFX_SwordHit_-007 (000000004F3D3608)
[LOG] SoundI::release                          :     done
[LOG] SoundI::release                          : release codec. (000000003842BF98)
[LOG] SoundI::release                          : done
[LOG] SoundI::release                          :  (000000003842C6C8)
[LOG] SoundI::release                          : release subsounds. (000000003842C6C8)
[LOG] SoundI::release                          :     RF_SFX_SwordHit_-001 (000000004F3D3C88)
[LOG] SoundI::release                          :     done
[LOG] SoundI::release                          : release codec. (000000003842C6C8)
[LOG] SoundI::release                          : done
[LOG] SoundI::release                          :  (000000003842C278)
[LOG] SoundI::release                          : release subsounds. (000000003842C278)
[LOG] SoundI::release                          :     Knight_Spawn_Simpler (000000004F3D6D48)
[LOG] SoundI::release                          :     done
[LOG] SoundI::release                          : release codec. (000000003842C278)
[LOG] SoundI::release                          : done
[LOG] SoundI::release                          :  (000000003842BCB8)
[LOG] SoundI::release                          : release subsounds. (000000003842BCB8)
[LOG] SoundI::release                          :     SFX_Coin1 (000000004F3D4CC8)
[LOG] SoundI::release                          :     done
[LOG] SoundI::release                          : release codec. (000000003842BCB8)
[LOG] SoundI::release                          : done
[LOG] SoundI::release                          :  (000000003842CC88)
[LOG] SoundI::release                          : release subsounds. (000000003842CC88)
[LOG] SoundI::release                          :     SFX_Coin2 (000000004F3D51A8)
[LOG] SoundI::release                          :     done
[LOG] SoundI::release                          : release codec. (000000003842CC88)
[LOG] SoundI::release                          : done
[LOG] SoundI::release                          :  (000000003842D808)
[LOG] SoundI::release                          : release subsounds. (000000003842D808)
[LOG] SoundI::release                          :     Archer_Shoot (00000000385D8E08)
[LOG] SoundI::release                          :     done
[LOG] SoundI::release                          : release codec. (000000003842D808)
[LOG] SoundI::release                          : done
[LOG] Thread::callback                         : FMOD Studio update thread finished.
[LOG] Thread::callback                         : FMOD Studio bank load thread finished.
[LOG] Thread::callback                         : FMOD Studio sample load thread finished.
[LOG] LiveUpdate::release                      : 
[LOG] LiveUpdate::reset                        : Reset connection (reason Disconnected)
[LOG] SystemI::close                           : 
[LOG] SystemI::close                           : Stop all sounds
[LOG] Thread::callback                         : FMOD stream thread finished.
[LOG] SystemI::close                           : Stream thread destroyed
[LOG] Thread::callback                         : FMOD mixer thread finished.
[LOG] SystemI::close                           : Free master channel group.
[LOG] SystemI::close                           : Remove 'master' sound group.
[LOG] SystemI::close                           : Free software output.
[LOG] SystemI::close                           : Free emulated output.
[LOG] SystemI::close                           : Free channel pool.
[LOG] Thread::callback                         : FMOD nonblocking thread (0) finished.
[LOG] Thread::callback                         : FMOD file thread finished.
[LOG] SystemI::close                           : done.

