[LOG] System::create                           : Header version = 1.10.00. Current version = 1.10.00.
[LOG] Manager::init                            : maxchannels = 256 studioflags = 00000006 flags 00000000 extradriverdata 0000000000000000.
[LOG] SystemI::init                            : FMOD Studio Version: 00011000 (90329)
[LOG] SystemI::init                            : maxchannels = 256, flags = 00020000, extradriverdata = 0000000000000000
[LOG] SystemI::setOutputInternal               : Setting output to type 0
[LOG] SystemI::setOutputInternal               : Setting output to type 8
[LOG] SystemI::setOutputInternal               : Setting output to type 8
[LOG] OutputWASAPI::init                       : Mix Format (WAVEFORMATEX): wFormatTag=0xFFFE, nChannels=2, nSamplesPerSec=48000, nAvgBytesPerSec=384000, nBlockAlign=8, wBitsPerSample=32, cbSize=22.
[LOG] OutputWASAPI::init                       : Mix Format (WAVEFORMATEXTENSIBLE): wValidBitsPerSample=32, dwChannelMask=0x00000003, SubFormat=00000003-0000-0010-8000-00AA00389B71.
[LOG] OutputWASAPI::init                       : Output buffer size: 4096 samples, latency: 0.00ms, period: 10.00ms, DSP buffer: 1024 * 4
[LOG] SystemI::init                            : Create master channel group and master sound group.
[LOG] SystemI::init                            : Set up emulated output.  256 channels
[LOG] SystemI::init                            : create the channel pool
[LOG] SystemI::init                            : create the stream thread
[LOG] Thread::initThread                       : Init FMOD stream thread. Priority: 2, Stack Size: 65536, Semaphore: No, Sleep Time: 10, Looping: Yes.
[LOG] Thread::initThread                       : Init FMOD mixer thread. Priority: 3, Stack Size: 49152, Semaphore: No, Sleep Time: 0, Looping: Yes.
[LOG] AsyncManager::init                       : manager 00000000351F9478 isAsync 0 updatePeriod 0.02
[LOG] AsyncManager::init                       : done
[LOG] PlaybackSystem::init                     : 
[LOG] Thread::initThread                       : Init FMOD Studio sample load thread. Priority: 0, Stack Size: 65536, Semaphore: No, Sleep Time: 1, Looping: No.
[LOG] PlaybackSystem::init                     : done
[LOG] Thread::initThread                       : Init FMOD Studio bank load thread. Priority: 0, Stack Size: 65536, Semaphore: No, Sleep Time: 1, Looping: No.
[LOG] Manager::init                            : done.
[LOG] Manager::readBank                        : fileversion = 99, compatVersion = 99 (oldest = 44, newest = 99)
[LOG] SystemI::createSound                     : filename = Assets\Plugins\FMOD\Banks\Desktop/Master Bank.bank : mode 02010082
[LOG] SystemI::createSound                     : FMOD_NONBLOCKING specified.  Putting into queue to be opened asynchronously!
[LOG] Thread::initThread                       : Init FMOD nonblocking thread (0). Priority: 1, Stack Size: 81920, Semaphore: Yes, Sleep Time: 0, Looping: Yes.
[LOG] SystemI::createSound                     : setdata soundi = 000000004E0BD448 : node = 000000004DEEBEE0
[LOG] SystemI::createSound                     : add node to async list : head = 000000004E512838.  list count = 0
[LOG] AsyncThread::threadFunc                  : Starting Asynchronous operation on sound 000000004E0BD448
[LOG] SystemI::createSoundInternal             :     filename = Assets\Plugins\FMOD\Banks\Desktop/Master Bank.bank : mode 02010082
[LOG] SystemI::createSoundInternal             :     exinfo->cbsize             = 232
[LOG] SystemI::createSoundInternal             :     exinfo->length             = 7958816
[LOG] SystemI::createSoundInternal             :     exinfo->fileoffset         = 69056
[LOG] SystemI::createSoundInternal             :     exinfo->numsubsounds       = 1
[LOG] SystemI::createSoundInternal             :     exinfo->inclusionlist      = 000000004DEEBFF8
[LOG] SystemI::createSoundInternal             :     exinfo->inclusionlistnum   = 1
[LOG] SystemI::createSoundInternal             :     exinfo->suggestedsoundtype = 5
[LOG] SystemI::createSoundInternal             :     exinfo->initialseekpostype = 1
[LOG] SystemI::createSoundInternal             :     Format has 1 subsounds.
[LOG] SystemI::createSoundInternal             :     Create as FMOD_CREATESTREAM
[LOG] System::createSoundInternal              :     decode buffersize = 19200 : blocksize = 256 : format = 2
[LOG] SystemI::createSample                    :     mode 02010082 length 19200 samples, lengthbytes 1160736
[LOG] SystemI::createSample                    :     channels = 2
[LOG] SystemI::createSample                    :     output = 000000004E0B2618
[LOG] OutputSoftware::createSample             :     lengthpcm 19200, lengthbytes 1160736, channels 2, format 2, freq 48000, mode 0201008a
[LOG] System::createSoundInternal              :     1 subsounds detected.
[LOG] System::createSoundInternal              :     Seek stream to start
[LOG] System::createSoundInternal              :     flush stream buffer
[LOG] System::createSoundInternal              :     flush successful.
[LOG] System::createSoundInternal              :     switch file handle from small blocking single buffered to large nonblocking doublebuffered.
[LOG] Thread::initThread                       :         Init FMOD file thread. Priority: 1, Stack Size: 16384, Semaphore: No, Sleep Time: 10, Looping: Yes.
[LOG] SystemI::createSoundInternal             :     done.  OpenState now = FMOD_OPENSTATE_READY.

[LOG] AsyncThread::threadFunc                  : Finished Asynchronous operation on sound 000000004E0BD448
[LOG] SoundI::getSubSound                      : sound 000000004E0BD448.  Subsound index 0 / 1
[LOG] Manager::readBank                        : fileversion = 99, compatVersion = 99 (oldest = 44, newest = 99)
[LOG] Manager::readBank                        : fileversion = 99, compatVersion = 99 (oldest = 44, newest = 99)
[LOG] SoundI::release                          : TavernMusic (000000004E0BD448)
[LOG] SoundI::release                          : remove stream samples. (000000004E0BD448)
[LOG] SoundI::release                          :     TavernMusic (000000004E513588)
[LOG] SoundI::release                          :     done
[LOG] SoundI::release                          : release subsounds. (000000004E0BD448)
[LOG] SoundI::release                          :     TavernMusic (000000004E0BD298)
[LOG] SoundI::release                          :     done
[LOG] SoundI::release                          : release codec. (000000004E0BD448)
[LOG] SoundI::release                          : done
[LOG] SoundI::release                          :  (00000000560AE298)
[LOG] SoundI::release                          : release subsounds. (00000000560AE298)
[LOG] SoundI::release                          :     SFX_Upgrade_decrement (0000000035133E28)
[LOG] SoundI::release                          :     done
[LOG] SoundI::release                          : release codec. (00000000560AE298)
[LOG] SoundI::release                          : done
[LOG] SoundI::release                          :  (0000000012B47278)
[LOG] SoundI::release                          : release subsounds. (0000000012B47278)
[LOG] SoundI::release                          :     Button_press (000000001420C078)
[LOG] SoundI::release                          :     done
[LOG] SoundI::release                          : release codec. (0000000012B47278)
[LOG] SoundI::release                          : done
[LOG] SoundI::release                          :  (0000000012B48808)
[LOG] SoundI::release                          : release subsounds. (0000000012B48808)
[LOG] SoundI::release                          :     One_shots_2 (000000001420ACF8)
[LOG] SoundI::release                          :     done
[LOG] SoundI::release                          : release codec. (0000000012B48808)
[LOG] SoundI::release                          : done
[LOG] SoundI::release                          :  (0000000012B480D8)
[LOG] SoundI::release                          : release subsounds. (0000000012B480D8)
[LOG] SoundI::release                          :     SFX_Shady (000000001420C3B8)
[LOG] SoundI::release                          :     done
[LOG] SoundI::release                          : release codec. (0000000012B480D8)
[LOG] SoundI::release                          : done
[LOG] SoundI::release                          :  (00000000560ADCD8)
[LOG] SoundI::release                          : release subsounds. (00000000560ADCD8)
[LOG] SoundI::release                          :     Peasant_Spawn (00000000351325C8)
[LOG] SoundI::release                          :     done
[LOG] SoundI::release                          : release codec. (00000000560ADCD8)
[LOG] SoundI::release                          : done
[LOG] SoundI::release                          :  (00000000560ADE48)
[LOG] SoundI::release                          : release subsounds. (00000000560ADE48)
[LOG] SoundI::release                          :     death_5_alex (000000004E512D68)
[LOG] SoundI::release                          :     done
[LOG] SoundI::release                          : release codec. (00000000560ADE48)
[LOG] SoundI::release                          : done
[LOG] SoundI::release                          :  (00000000560ACFE8)
[LOG] SoundI::release                          : release subsounds. (00000000560ACFE8)
[LOG] SoundI::release                          :     death_8_alex - Trimmed (0000000035133128)
[LOG] SoundI::release                          :     done
[LOG] SoundI::release                          : release codec. (00000000560ACFE8)
[LOG] SoundI::release                          : done
[LOG] SoundI::release                          :  (00000000560AD888)
[LOG] SoundI::release                          : release subsounds. (00000000560AD888)
[LOG] SoundI::release                          :     death_9_ian - Trimmed (0000000035132768)
[LOG] SoundI::release                          :     done
[LOG] SoundI::release                          : release codec. (00000000560AD888)
[LOG] SoundI::release                          : done
[LOG] SoundI::release                          :  (00000000560AD2C8)
[LOG] SoundI::release                          : release subsounds. (00000000560AD2C8)
[LOG] SoundI::release                          :     damage_8_sean (0000000035134168)
[LOG] SoundI::release                          :     done
[LOG] SoundI::release                          : release codec. (00000000560AD2C8)
[LOG] SoundI::release                          : done
[LOG] SoundI::release                          :  (0000000012B47838)
[LOG] SoundI::release                          : release subsounds. (0000000012B47838)
[LOG] SoundI::release                          :     death_10_sean - Trimmed (000000001420B9F8)
[LOG] SoundI::release                          :     done
[LOG] SoundI::release                          : release codec. (0000000012B47838)
[LOG] SoundI::release                          : done
[LOG] SoundI::release                          :  (00000000560AE128)
[LOG] SoundI::release                          : release subsounds. (00000000560AE128)
[LOG] SoundI::release                          :     death_1_sean - Trimmed (0000000035133C88)
[LOG] SoundI::release                          :     done
[LOG] SoundI::release                          : release codec. (00000000560AE128)
[LOG] SoundI::release                          : done
[LOG] SoundI::release                          :  (00000000560AD438)
[LOG] SoundI::release                          : release subsounds. (00000000560AD438)
[LOG] SoundI::release                          :     death_2_sean - Trimmed (0000000035132DE8)
[LOG] SoundI::release                          :     done
[LOG] SoundI::release                          : release codec. (00000000560AD438)
[LOG] SoundI::release                          : done
[LOG] SoundI::release                          :  (0000000012B473E8)
[LOG] SoundI::release                          : release subsounds. (0000000012B473E8)
[LOG] SoundI::release                          :     death_5_sean - Trimmed (000000001420C898)
[LOG] SoundI::release                          :     done
[LOG] SoundI::release                          : release codec. (0000000012B473E8)
[LOG] SoundI::release                          : done
[LOG] SoundI::release                          :  (0000000012B47108)
[LOG] SoundI::release                          : release subsounds. (0000000012B47108)
[LOG] SoundI::release                          :     Archer_Spawn_Simpler (000000001420BB98)
[LOG] SoundI::release                          :     done
[LOG] SoundI::release                          : release codec. (0000000012B47108)
[LOG] SoundI::release                          : done
[LOG] SoundI::release                          :  (0000000012B48248)
[LOG] SoundI::release                          : release subsounds. (0000000012B48248)
[LOG] SoundI::release                          :     SFX_barkeep_placeholder (000000001420CA38)
[LOG] SoundI::release                          :     done
[LOG] SoundI::release                          : release codec. (0000000012B48248)
[LOG] SoundI::release                          : done
[LOG] SoundI::release                          :  (00000000560AE408)
[LOG] SoundI::release                          : release subsounds. (00000000560AE408)
[LOG] SoundI::release                          :     RF_SFX_SwordHit_-005 (0000000035133FC8)
[LOG] SoundI::release                          :     done
[LOG] SoundI::release                          : release codec. (00000000560AE408)
[LOG] SoundI::release                          : done
[LOG] SoundI::release                          :  (00000000560AD158)
[LOG] SoundI::release                          : release subsounds. (00000000560AD158)
[LOG] SoundI::release                          :     RF_SFX_SwordHit_-004 (0000000035133948)
[LOG] SoundI::release                          :     done
[LOG] SoundI::release                          : release codec. (00000000560AD158)
[LOG] SoundI::release                          : done
[LOG] SoundI::release                          :  (0000000012B48978)
[LOG] SoundI::release                          : release subsounds. (0000000012B48978)
[LOG] SoundI::release                          :     RF_SFX_SwordHit_-006 (0000000035132F88)
[LOG] SoundI::release                          :     done
[LOG] SoundI::release                          : release codec. (0000000012B48978)
[LOG] SoundI::release                          : done
[LOG] SoundI::release                          :  (00000000560AC748)
[LOG] SoundI::release                          : release subsounds. (00000000560AC748)
[LOG] SoundI::release                          :     RF_SFX_SwordHit_-003 (00000000351332C8)
[LOG] SoundI::release                          :     done
[LOG] SoundI::release                          : release codec. (00000000560AC748)
[LOG] SoundI::release                          : done
[LOG] SoundI::release                          :  (00000000560AD5A8)
[LOG] SoundI::release                          : release subsounds. (00000000560AD5A8)
[LOG] SoundI::release                          :     RF_SFX_SwordHit_-007 (0000000035132C48)
[LOG] SoundI::release                          :     done
[LOG] SoundI::release                          : release codec. (00000000560AD5A8)
[LOG] SoundI::release                          : done
[LOG] SoundI::release                          :  (00000000560AD718)
[LOG] SoundI::release                          : release subsounds. (00000000560AD718)
[LOG] SoundI::release                          :     RF_SFX_SwordHit_-001 (0000000035132908)
[LOG] SoundI::release                          :     done
[LOG] SoundI::release                          : release codec. (00000000560AD718)
[LOG] SoundI::release                          : done
[LOG] SoundI::release                          :  (0000000012B47F68)
[LOG] SoundI::release                          : release subsounds. (0000000012B47F68)
[LOG] SoundI::release                          :     Knight_Spawn_Simpler (000000001420BED8)
[LOG] SoundI::release                          :     done
[LOG] SoundI::release                          : release codec. (0000000012B47F68)
[LOG] SoundI::release                          : done
[LOG] SoundI::release                          :  (0000000012B483B8)
[LOG] SoundI::release                          : release subsounds. (0000000012B483B8)
[LOG] SoundI::release                          :     SFX_Salt_spend1 (000000001420AE98)
[LOG] SoundI::release                          :     done
[LOG] SoundI::release                          : release codec. (0000000012B483B8)
[LOG] SoundI::release                          : done
[LOG] SoundI::release                          :  (0000000012B48698)
[LOG] SoundI::release                          : release subsounds. (0000000012B48698)
[LOG] SoundI::release                          :     SFX_Salt_spend2 (0000000035133AE8)
[LOG] SoundI::release                          :     done
[LOG] SoundI::release                          : release codec. (0000000012B48698)
[LOG] SoundI::release                          : done
[LOG] SoundI::release                          :  (0000000012B48528)
[LOG] SoundI::release                          : release subsounds. (0000000012B48528)
[LOG] SoundI::release                          :     SFX_Upgrade_increment (0000000035133608)
[LOG] SoundI::release                          :     done
[LOG] SoundI::release                          : release codec. (0000000012B48528)
[LOG] SoundI::release                          : done
[LOG] SoundI::release                          :  (0000000012B48AE8)
[LOG] SoundI::release                          : release subsounds. (0000000012B48AE8)
[LOG] SoundI::release                          :     SFX_Coin1 (0000000035133468)
[LOG] SoundI::release                          :     done
[LOG] SoundI::release                          : release codec. (0000000012B48AE8)
[LOG] SoundI::release                          : done
[LOG] SoundI::release                          :  (00000000560AD9F8)
[LOG] SoundI::release                          : release subsounds. (00000000560AD9F8)
[LOG] SoundI::release                          :     SFX_Coin2 (00000000351337A8)
[LOG] SoundI::release                          :     done
[LOG] SoundI::release                          : release codec. (00000000560AD9F8)
[LOG] SoundI::release                          : done
[LOG] SoundI::release                          :  (00000000560ADB68)
[LOG] SoundI::release                          : release subsounds. (00000000560ADB68)
[LOG] SoundI::release                          :     Archer_Shoot (0000000035132AA8)
[LOG] SoundI::release                          :     done
[LOG] SoundI::release                          : release codec. (00000000560ADB68)
[LOG] SoundI::release                          : done
[LOG] Thread::callback                         : FMOD Studio update thread finished.
[LOG] Thread::callback                         : FMOD Studio bank load thread finished.
[LOG] Thread::callback                         : FMOD Studio sample load thread finished.
[LOG] LiveUpdate::release                      : 
[LOG] LiveUpdate::reset                        : Reset connection (reason Disconnected)
[LOG] SystemI::close                           : 
[LOG] SystemI::close                           : Stop all sounds
[LOG] Thread::callback                         : FMOD stream thread finished.
[LOG] SystemI::close                           : Stream thread destroyed
[LOG] Thread::callback                         : FMOD mixer thread finished.
[LOG] SystemI::close                           : Free master channel group.
[LOG] SystemI::close                           : Remove 'master' sound group.
[LOG] SystemI::close                           : Free software output.
[LOG] SystemI::close                           : Free emulated output.
[LOG] SystemI::close                           : Free channel pool.
[LOG] SystemI::close                           : done.

[LOG] Manager::readBank                        : fileversion = 99, compatVersion = 99 (oldest = 44, newest = 99)
[LOG] Manager::readBank                        : fileversion = 99, compatVersion = 99 (oldest = 44, newest = 99)
[LOG] Manager::readBank                        : fileversion = 99, compatVersion = 99 (oldest = 44, newest = 99)
[LOG] Manager::readBank                        : fileversion = 99, compatVersion = 99 (oldest = 44, newest = 99)
[LOG] Manager::readBank                        : fileversion = 99, compatVersion = 99 (oldest = 44, newest = 99)
[LOG] Manager::readBank                        : fileversion = 99, compatVersion = 99 (oldest = 44, newest = 99)
[LOG] PlaybackSystem::acquireMasterBus         : Setting master channel group format to 3
[LOG] Thread::callback                         : FMOD Studio bank load thread finished.
[LOG] Thread::callback                         : FMOD Studio sample load thread finished.
[LOG] LiveUpdate::release                      : 
[LOG] LiveUpdate::reset                        : Reset connection (reason Disconnected)
[LOG] SystemI::close                           : 
[LOG] SystemI::close                           : Stop all sounds
[LOG] Thread::callback                         : FMOD stream thread finished.
[LOG] SystemI::close                           : Stream thread destroyed
[LOG] Thread::callback                         : FMOD mixer thread finished.
[LOG] SystemI::close                           : Free master channel group.
[LOG] SystemI::close                           : Remove 'master' sound group.
[LOG] SystemI::close                           : Free software output.
[LOG] SystemI::close                           : Free emulated output.
[LOG] SystemI::close                           : Free channel pool.
[LOG] Thread::callback                         : FMOD nonblocking thread (0) finished.
[LOG] Thread::callback                         : FMOD file thread finished.
[LOG] SystemI::close                           : done.

